<?xml version="1.0" encoding="UTF-8" standalone="yes"?>
<ns2:test-suite start="1502808488136" stop="1502808578287" version="1.4.24.RC3" xmlns:ns2="urn:model.allure.qatools.yandex.ru">
    <name>CS_Regression : Device_MotoXplay[Device_ID=ZY2227L635]</name>
    <title>CS_Regression : Device_MotoXplay[Device_ID=ZY2227L635]</title>
    <test-cases>
        <test-case start="1502808511449" stop="1502808552142" status="broken">
            <name>testJabong1 on [Test6 passed=0 failed=0 skipped=0]</name>
            <failure>
                <message>NoSuchElementException: An element could not be located on the page using the given search parameters. (WARNING: The server did not provide any stacktrace information)
Command duration or timeout: 274 milliseconds
For documentation on this error, please visit: http://seleniumhq.org/exceptions/no_such_element.html
Build info: version: '2.47.2', revision: '4d972c01cab1304452627f837654326a11eb92fe', time: '2015-09-24 09:17:17'
System info: host: 'Neeraj', ip: '192.168.59.3', os.name: 'Windows 8.1', os.arch: 'amd64', os.version: '6.3', java.version: '1.7.0_67'
*** Element info: {Using=id, value=rec_card_image}
Session ID: 3a947d54-0b9b-494c-a643-fe022fe47ef1
Driver info: io.appium.java_client.android.AndroidDriver
Capabilities [{automationName=Appium, platform=LINUX, app=E:\MyNewFrameworkGrid\MyNewFramework\..\MyNewFramework\com.tinder_4.5.5.apk, javascriptEnabled=true, browserName=Android, networkConnectionEnabled=true, udid=ZY2227L635, desired={automationName=Appium, app=E:\MyNewFrameworkGrid\MyNewFramework\..\MyNewFramework\com.tinder_4.5.5.apk, platformName=Android, deviceName=ZY2227L635, app-package=com.tinder, app-activity=com.tinder.activities.ActivityMain, udid=ZY2227L635}, locationContextEnabled=false, platformVersion=6.0.1, databaseEnabled=false, deviceName=ZY2227L635, platformName=Android, app-package=com.tinder, webStorageEnabled=false, app-activity=com.tinder.activities.ActivityMain, warnings={}, takesScreenshot=true}]</message>
                <stack-trace>org.openqa.selenium.NoSuchElementException: An element could not be located on the page using the given search parameters. (WARNING: The server did not provide any stacktrace information)
Command duration or timeout: 274 milliseconds
For documentation on this error, please visit: http://seleniumhq.org/exceptions/no_such_element.html
Build info: version: '2.47.2', revision: '4d972c01cab1304452627f837654326a11eb92fe', time: '2015-09-24 09:17:17'
System info: host: 'Neeraj', ip: '192.168.59.3', os.name: 'Windows 8.1', os.arch: 'amd64', os.version: '6.3', java.version: '1.7.0_67'
*** Element info: {Using=id, value=rec_card_image}
Session ID: 3a947d54-0b9b-494c-a643-fe022fe47ef1
Driver info: io.appium.java_client.android.AndroidDriver
Capabilities [{automationName=Appium, platform=LINUX, app=E:\MyNewFrameworkGrid\MyNewFramework\..\MyNewFramework\com.tinder_4.5.5.apk, javascriptEnabled=true, browserName=Android, networkConnectionEnabled=true, udid=ZY2227L635, desired={automationName=Appium, app=E:\MyNewFrameworkGrid\MyNewFramework\..\MyNewFramework\com.tinder_4.5.5.apk, platformName=Android, deviceName=ZY2227L635, app-package=com.tinder, app-activity=com.tinder.activities.ActivityMain, udid=ZY2227L635}, locationContextEnabled=false, platformVersion=6.0.1, databaseEnabled=false, deviceName=ZY2227L635, platformName=Android, app-package=com.tinder, webStorageEnabled=false, app-activity=com.tinder.activities.ActivityMain, warnings={}, takesScreenshot=true}]
	at sun.reflect.NativeConstructorAccessorImpl.newInstance0(Native Method)
	at sun.reflect.NativeConstructorAccessorImpl.newInstance(NativeConstructorAccessorImpl.java:57)
	at sun.reflect.DelegatingConstructorAccessorImpl.newInstance(DelegatingConstructorAccessorImpl.java:45)
	at java.lang.reflect.Constructor.newInstance(Constructor.java:526)
	at org.openqa.selenium.remote.ErrorHandler.createThrowable(ErrorHandler.java:206)
	at org.openqa.selenium.remote.ErrorHandler.throwIfResponseFailed(ErrorHandler.java:158)
	at org.openqa.selenium.remote.RemoteWebDriver.execute(RemoteWebDriver.java:595)
	at io.appium.java_client.AppiumDriver.execute(AppiumDriver.java:180)
	at org.openqa.selenium.remote.RemoteWebDriver.findElement(RemoteWebDriver.java:348)
	at org.openqa.selenium.remote.RemoteWebDriver.findElementById(RemoteWebDriver.java:389)
	at testCases.Test6.testJabong1(Test6.java:88)
	at sun.reflect.NativeMethodAccessorImpl.invoke0(Native Method)
	at sun.reflect.NativeMethodAccessorImpl.invoke(NativeMethodAccessorImpl.java:57)
	at sun.reflect.DelegatingMethodAccessorImpl.invoke(DelegatingMethodAccessorImpl.java:43)
	at java.lang.reflect.Method.invoke(Method.java:606)
	at org.testng.internal.MethodInvocationHelper.invokeMethod(MethodInvocationHelper.java:85)
	at org.testng.internal.MethodInvocationHelper$1.runTestMethod(MethodInvocationHelper.java:196)
	at com.neerajProject.pages.AppiumTestBase.run(AppiumTestBase.java:90)
	at org.testng.internal.MethodInvocationHelper.invokeHookable(MethodInvocationHelper.java:208)
	at org.testng.internal.Invoker.invokeMethod(Invoker.java:635)
	at org.testng.internal.Invoker.invokeTestMethod(Invoker.java:821)
	at org.testng.internal.Invoker.invokeTestMethods(Invoker.java:1131)
	at org.testng.internal.TestMethodWorker.invokeTestMethods(TestMethodWorker.java:124)
	at org.testng.internal.TestMethodWorker.run(TestMethodWorker.java:108)
	at org.testng.TestRunner.privateRun(TestRunner.java:773)
	at org.testng.TestRunner.run(TestRunner.java:623)
	at org.testng.SuiteRunner.runTest(SuiteRunner.java:357)
	at org.testng.SuiteRunner.access$000(SuiteRunner.java:39)
	at org.testng.SuiteRunner$SuiteWorker.run(SuiteRunner.java:391)
	at org.testng.internal.thread.ThreadUtil$2.call(ThreadUtil.java:64)
	at java.util.concurrent.FutureTask.run(FutureTask.java:262)
	at java.util.concurrent.ThreadPoolExecutor.runWorker(ThreadPoolExecutor.java:1145)
	at java.util.concurrent.ThreadPoolExecutor$Worker.run(ThreadPoolExecutor.java:615)
	at java.lang.Thread.run(Thread.java:745)
</stack-trace>
            </failure>
            <steps/>
            <attachments>
                <attachment title="Failure in method" source="d50a4da7-631b-4ec1-98b1-fcae1198a8a8-attachment.png" type="image/png"/>
            </attachments>
            <labels>
                <label name="testSuite" value="CS_Regression"/>
                <label name="testGroup" value="Device_MotoXplay"/>
                <label name="testClass" value="testCases.Test6"/>
                <label name="testMethod" value="testJabong1"/>
                <label name="host" value="Neeraj"/>
                <label name="thread" value="10804@Neeraj.TestNG(13)"/>
            </labels>
        </test-case>
        <test-case start="1502808511449" stop="1502808552142" status="broken">
            <name>testJabong1 on [Test6 passed=0 failed=0 skipped=0]</name>
            <failure>
                <message>NoSuchElementException: An element could not be located on the page using the given search parameters. (WARNING: The server did not provide any stacktrace information)
Command duration or timeout: 274 milliseconds
For documentation on this error, please visit: http://seleniumhq.org/exceptions/no_such_element.html
Build info: version: '2.47.2', revision: '4d972c01cab1304452627f837654326a11eb92fe', time: '2015-09-24 09:17:17'
System info: host: 'Neeraj', ip: '192.168.59.3', os.name: 'Windows 8.1', os.arch: 'amd64', os.version: '6.3', java.version: '1.7.0_67'
*** Element info: {Using=id, value=rec_card_image}
Session ID: 3a947d54-0b9b-494c-a643-fe022fe47ef1
Driver info: io.appium.java_client.android.AndroidDriver
Capabilities [{automationName=Appium, platform=LINUX, app=E:\MyNewFrameworkGrid\MyNewFramework\..\MyNewFramework\com.tinder_4.5.5.apk, javascriptEnabled=true, browserName=Android, networkConnectionEnabled=true, udid=ZY2227L635, desired={automationName=Appium, app=E:\MyNewFrameworkGrid\MyNewFramework\..\MyNewFramework\com.tinder_4.5.5.apk, platformName=Android, deviceName=ZY2227L635, app-package=com.tinder, app-activity=com.tinder.activities.ActivityMain, udid=ZY2227L635}, locationContextEnabled=false, platformVersion=6.0.1, databaseEnabled=false, deviceName=ZY2227L635, platformName=Android, app-package=com.tinder, webStorageEnabled=false, app-activity=com.tinder.activities.ActivityMain, warnings={}, takesScreenshot=true}]</message>
                <stack-trace>org.openqa.selenium.NoSuchElementException: An element could not be located on the page using the given search parameters. (WARNING: The server did not provide any stacktrace information)
Command duration or timeout: 274 milliseconds
For documentation on this error, please visit: http://seleniumhq.org/exceptions/no_such_element.html
Build info: version: '2.47.2', revision: '4d972c01cab1304452627f837654326a11eb92fe', time: '2015-09-24 09:17:17'
System info: host: 'Neeraj', ip: '192.168.59.3', os.name: 'Windows 8.1', os.arch: 'amd64', os.version: '6.3', java.version: '1.7.0_67'
*** Element info: {Using=id, value=rec_card_image}
Session ID: 3a947d54-0b9b-494c-a643-fe022fe47ef1
Driver info: io.appium.java_client.android.AndroidDriver
Capabilities [{automationName=Appium, platform=LINUX, app=E:\MyNewFrameworkGrid\MyNewFramework\..\MyNewFramework\com.tinder_4.5.5.apk, javascriptEnabled=true, browserName=Android, networkConnectionEnabled=true, udid=ZY2227L635, desired={automationName=Appium, app=E:\MyNewFrameworkGrid\MyNewFramework\..\MyNewFramework\com.tinder_4.5.5.apk, platformName=Android, deviceName=ZY2227L635, app-package=com.tinder, app-activity=com.tinder.activities.ActivityMain, udid=ZY2227L635}, locationContextEnabled=false, platformVersion=6.0.1, databaseEnabled=false, deviceName=ZY2227L635, platformName=Android, app-package=com.tinder, webStorageEnabled=false, app-activity=com.tinder.activities.ActivityMain, warnings={}, takesScreenshot=true}]
	at sun.reflect.NativeConstructorAccessorImpl.newInstance0(Native Method)
	at sun.reflect.NativeConstructorAccessorImpl.newInstance(NativeConstructorAccessorImpl.java:57)
	at sun.reflect.DelegatingConstructorAccessorImpl.newInstance(DelegatingConstructorAccessorImpl.java:45)
	at java.lang.reflect.Constructor.newInstance(Constructor.java:526)
	at org.openqa.selenium.remote.ErrorHandler.createThrowable(ErrorHandler.java:206)
	at org.openqa.selenium.remote.ErrorHandler.throwIfResponseFailed(ErrorHandler.java:158)
	at org.openqa.selenium.remote.RemoteWebDriver.execute(RemoteWebDriver.java:595)
	at io.appium.java_client.AppiumDriver.execute(AppiumDriver.java:180)
	at org.openqa.selenium.remote.RemoteWebDriver.findElement(RemoteWebDriver.java:348)
	at org.openqa.selenium.remote.RemoteWebDriver.findElementById(RemoteWebDriver.java:389)
	at testCases.Test6.testJabong1(Test6.java:88)
	at sun.reflect.NativeMethodAccessorImpl.invoke0(Native Method)
	at sun.reflect.NativeMethodAccessorImpl.invoke(NativeMethodAccessorImpl.java:57)
	at sun.reflect.DelegatingMethodAccessorImpl.invoke(DelegatingMethodAccessorImpl.java:43)
	at java.lang.reflect.Method.invoke(Method.java:606)
	at org.testng.internal.MethodInvocationHelper.invokeMethod(MethodInvocationHelper.java:85)
	at org.testng.internal.MethodInvocationHelper$1.runTestMethod(MethodInvocationHelper.java:196)
	at com.neerajProject.pages.AppiumTestBase.run(AppiumTestBase.java:90)
	at org.testng.internal.MethodInvocationHelper.invokeHookable(MethodInvocationHelper.java:208)
	at org.testng.internal.Invoker.invokeMethod(Invoker.java:635)
	at org.testng.internal.Invoker.invokeTestMethod(Invoker.java:821)
	at org.testng.internal.Invoker.invokeTestMethods(Invoker.java:1131)
	at org.testng.internal.TestMethodWorker.invokeTestMethods(TestMethodWorker.java:124)
	at org.testng.internal.TestMethodWorker.run(TestMethodWorker.java:108)
	at org.testng.TestRunner.privateRun(TestRunner.java:773)
	at org.testng.TestRunner.run(TestRunner.java:623)
	at org.testng.SuiteRunner.runTest(SuiteRunner.java:357)
	at org.testng.SuiteRunner.access$000(SuiteRunner.java:39)
	at org.testng.SuiteRunner$SuiteWorker.run(SuiteRunner.java:391)
	at org.testng.internal.thread.ThreadUtil$2.call(ThreadUtil.java:64)
	at java.util.concurrent.FutureTask.run(FutureTask.java:262)
	at java.util.concurrent.ThreadPoolExecutor.runWorker(ThreadPoolExecutor.java:1145)
	at java.util.concurrent.ThreadPoolExecutor$Worker.run(ThreadPoolExecutor.java:615)
	at java.lang.Thread.run(Thread.java:745)
</stack-trace>
            </failure>
            <steps/>
            <attachments>
                <attachment title="Failure in method" source="d50a4da7-631b-4ec1-98b1-fcae1198a8a8-attachment.png" type="image/png"/>
            </attachments>
            <labels>
                <label name="testSuite" value="CS_Regression"/>
                <label name="testGroup" value="Device_MotoXplay"/>
                <label name="testClass" value="testCases.Test6"/>
                <label name="testMethod" value="testJabong1"/>
                <label name="host" value="Neeraj"/>
                <label name="thread" value="10804@Neeraj.TestNG(13)"/>
            </labels>
        </test-case>
        <test-case start="1502808557844" stop="1502808557845" status="broken">
            <name>tearDown on [Test6 passed=0 failed=0 skipped=0]</name>
            <description>@AfterMethod</description>
            <failure>
                <message>NullPointerException: null</message>
                <stack-trace>java.lang.NullPointerException
	at com.neerajProject.pages.AppiumTestBase.tearDown(AppiumTestBase.java:78)
	at sun.reflect.NativeMethodAccessorImpl.invoke0(Native Method)
	at sun.reflect.NativeMethodAccessorImpl.invoke(NativeMethodAccessorImpl.java:57)
	at sun.reflect.DelegatingMethodAccessorImpl.invoke(DelegatingMethodAccessorImpl.java:43)
	at java.lang.reflect.Method.invoke(Method.java:606)
	at org.testng.internal.MethodInvocationHelper.invokeMethod(MethodInvocationHelper.java:85)
	at org.testng.internal.Invoker.invokeConfigurationMethod(Invoker.java:510)
	at org.testng.internal.Invoker.invokeConfigurations(Invoker.java:211)
	at org.testng.internal.Invoker.invokeMethod(Invoker.java:708)
	at org.testng.internal.Invoker.invokeTestMethod(Invoker.java:821)
	at org.testng.internal.Invoker.invokeTestMethods(Invoker.java:1131)
	at org.testng.internal.TestMethodWorker.invokeTestMethods(TestMethodWorker.java:124)
	at org.testng.internal.TestMethodWorker.run(TestMethodWorker.java:108)
	at org.testng.TestRunner.privateRun(TestRunner.java:773)
	at org.testng.TestRunner.run(TestRunner.java:623)
	at org.testng.SuiteRunner.runTest(SuiteRunner.java:357)
	at org.testng.SuiteRunner.access$000(SuiteRunner.java:39)
	at org.testng.SuiteRunner$SuiteWorker.run(SuiteRunner.java:391)
	at org.testng.internal.thread.ThreadUtil$2.call(ThreadUtil.java:64)
	at java.util.concurrent.FutureTask.run(FutureTask.java:262)
	at java.util.concurrent.ThreadPoolExecutor.runWorker(ThreadPoolExecutor.java:1145)
	at java.util.concurrent.ThreadPoolExecutor$Worker.run(ThreadPoolExecutor.java:615)
	at java.lang.Thread.run(Thread.java:745)
</stack-trace>
            </failure>
            <steps/>
            <attachments>
                <attachment title="Failure in method" source="116de3a8-e0ba-4c34-a3f9-5ee4192c5318-attachment.png" type="image/png"/>
            </attachments>
            <labels>
                <label name="host" value="Neeraj"/>
                <label name="thread" value="10804@Neeraj.TestNG(13)"/>
            </labels>
        </test-case>
        <test-case start="1502808578056" stop="1502808578085" status="canceled">
            <name>testJabong2 on [Test6 passed=0 failed=0 skipped=0]</name>
            <failure>
                <message>: Skipped due to dependency on other skipped or failed test methods</message>
                <stack-trace>ru.yandex.qatools.allure.testng.AllureTestListener$1: Skipped due to dependency on other skipped or failed test methods
	at ru.yandex.qatools.allure.testng.AllureTestListener.fireTestCaseCancel(AllureTestListener.java:373)
	at ru.yandex.qatools.allure.testng.AllureTestListener.onTestSkipped(AllureTestListener.java:183)
	at org.testng.internal.Invoker.runTestListeners(Invoker.java:1691)
	at org.testng.internal.Invoker.runTestListeners(Invoker.java:1683)
	at org.testng.internal.Invoker.invokeMethod(Invoker.java:697)
	at org.testng.internal.Invoker.invokeTestMethod(Invoker.java:821)
	at org.testng.internal.Invoker.invokeTestMethods(Invoker.java:1131)
	at org.testng.internal.TestMethodWorker.invokeTestMethods(TestMethodWorker.java:124)
	at org.testng.internal.TestMethodWorker.run(TestMethodWorker.java:108)
	at org.testng.TestRunner.privateRun(TestRunner.java:773)
	at org.testng.TestRunner.run(TestRunner.java:623)
	at org.testng.SuiteRunner.runTest(SuiteRunner.java:357)
	at org.testng.SuiteRunner.access$000(SuiteRunner.java:39)
	at org.testng.SuiteRunner$SuiteWorker.run(SuiteRunner.java:391)
	at org.testng.internal.thread.ThreadUtil$2.call(ThreadUtil.java:64)
	at java.util.concurrent.FutureTask.run(FutureTask.java:262)
	at java.util.concurrent.ThreadPoolExecutor.runWorker(ThreadPoolExecutor.java:1145)
	at java.util.concurrent.ThreadPoolExecutor$Worker.run(ThreadPoolExecutor.java:615)
	at java.lang.Thread.run(Thread.java:745)
</stack-trace>
            </failure>
            <steps/>
            <attachments/>
            <labels>
                <label name="testSuite" value="CS_Regression"/>
                <label name="testGroup" value="Device_MotoXplay"/>
                <label name="testClass" value="testCases.Test6"/>
                <label name="testMethod" value="testJabong2"/>
                <label name="host" value="Neeraj"/>
                <label name="thread" value="10804@Neeraj.TestNG(13)"/>
            </labels>
        </test-case>
        <test-case start="1502808578056" stop="1502808578085" status="canceled">
            <name>testJabong2 on [Test6 passed=0 failed=0 skipped=0]</name>
            <failure>
                <message>: Skipped due to dependency on other skipped or failed test methods</message>
                <stack-trace>ru.yandex.qatools.allure.testng.AllureTestListener$1: Skipped due to dependency on other skipped or failed test methods
	at ru.yandex.qatools.allure.testng.AllureTestListener.fireTestCaseCancel(AllureTestListener.java:373)
	at ru.yandex.qatools.allure.testng.AllureTestListener.onTestSkipped(AllureTestListener.java:183)
	at org.testng.internal.Invoker.runTestListeners(Invoker.java:1691)
	at org.testng.internal.Invoker.runTestListeners(Invoker.java:1683)
	at org.testng.internal.Invoker.invokeMethod(Invoker.java:697)
	at org.testng.internal.Invoker.invokeTestMethod(Invoker.java:821)
	at org.testng.internal.Invoker.invokeTestMethods(Invoker.java:1131)
	at org.testng.internal.TestMethodWorker.invokeTestMethods(TestMethodWorker.java:124)
	at org.testng.internal.TestMethodWorker.run(TestMethodWorker.java:108)
	at org.testng.TestRunner.privateRun(TestRunner.java:773)
	at org.testng.TestRunner.run(TestRunner.java:623)
	at org.testng.SuiteRunner.runTest(SuiteRunner.java:357)
	at org.testng.SuiteRunner.access$000(SuiteRunner.java:39)
	at org.testng.SuiteRunner$SuiteWorker.run(SuiteRunner.java:391)
	at org.testng.internal.thread.ThreadUtil$2.call(ThreadUtil.java:64)
	at java.util.concurrent.FutureTask.run(FutureTask.java:262)
	at java.util.concurrent.ThreadPoolExecutor.runWorker(ThreadPoolExecutor.java:1145)
	at java.util.concurrent.ThreadPoolExecutor$Worker.run(ThreadPoolExecutor.java:615)
	at java.lang.Thread.run(Thread.java:745)
</stack-trace>
            </failure>
            <steps/>
            <attachments/>
            <labels>
                <label name="testSuite" value="CS_Regression"/>
                <label name="testGroup" value="Device_MotoXplay"/>
                <label name="testClass" value="testCases.Test6"/>
                <label name="testMethod" value="testJabong2"/>
                <label name="host" value="Neeraj"/>
                <label name="thread" value="10804@Neeraj.TestNG(13)"/>
            </labels>
        </test-case>
    </test-cases>
    <labels>
        <label name="framework" value="TestNG"/>
        <label name="language" value="JAVA"/>
    </labels>
</ns2:test-suite>
