{
  "uid" : "f5d1513e73d17a4d",
  "name" : "jsoupTestReadHTML",
  "title" : "Jsoup test read HTML",
  "time" : {
    "start" : 1499504045384,
    "stop" : 1499504045419,
    "duration" : 35
  },
  "summary" : {
    "attachments" : 0,
    "steps" : 0
  },
  "failure" : {
    "message" : "SessionNotFoundException: The FirefoxDriver cannot be used after quit() was called.\nBuild info: version: '2.47.2', revision: '4d972c01cab1304452627f837654326a11eb92fe', time: '2015-09-24 09:17:17'\nSystem info: host: 'Neeraj', ip: '192.168.59.3', os.name: 'Windows 8.1', os.arch: 'amd64', os.version: '6.3', java.version: '1.7.0_67'\nDriver info: driver.version: RemoteWebDriver",
    "stackTrace" : "org.openqa.selenium.remote.SessionNotFoundException: The FirefoxDriver cannot be used after quit() was called.\nBuild info: version: '2.47.2', revision: '4d972c01cab1304452627f837654326a11eb92fe', time: '2015-09-24 09:17:17'\nSystem info: host: 'Neeraj', ip: '192.168.59.3', os.name: 'Windows 8.1', os.arch: 'amd64', os.version: '6.3', java.version: '1.7.0_67'\nDriver info: driver.version: RemoteWebDriver\n\tat org.openqa.selenium.firefox.FirefoxDriver$LazyCommandExecutor.execute(FirefoxDriver.java:390)\n\tat org.openqa.selenium.remote.RemoteWebDriver.execute(RemoteWebDriver.java:568)\n\tat org.openqa.selenium.remote.RemoteWebDriver.get(RemoteWebDriver.java:306)\n\tat com.neeraj.pages.Test1.jsoupTestReadHTML(Test1.java:62)\n\tat sun.reflect.NativeMethodAccessorImpl.invoke0(Native Method)\n\tat sun.reflect.NativeMethodAccessorImpl.invoke(NativeMethodAccessorImpl.java:57)\n\tat sun.reflect.DelegatingMethodAccessorImpl.invoke(DelegatingMethodAccessorImpl.java:43)\n\tat java.lang.reflect.Method.invoke(Method.java:606)\n\tat org.testng.internal.MethodInvocationHelper.invokeMethod(MethodInvocationHelper.java:85)\n\tat org.testng.internal.Invoker.invokeMethod(Invoker.java:639)\n\tat org.testng.internal.Invoker.retryFailed(Invoker.java:968)\n\tat org.testng.internal.Invoker.invokeTestMethods(Invoker.java:1149)\n\tat org.testng.internal.TestMethodWorker.invokeTestMethods(TestMethodWorker.java:124)\n\tat org.testng.internal.TestMethodWorker.run(TestMethodWorker.java:108)\n\tat org.testng.TestRunner.privateRun(TestRunner.java:773)\n\tat org.testng.TestRunner.run(TestRunner.java:623)\n\tat org.testng.SuiteRunner.runTest(SuiteRunner.java:357)\n\tat org.testng.SuiteRunner.runSequentially(SuiteRunner.java:352)\n\tat org.testng.SuiteRunner.privateRun(SuiteRunner.java:310)\n\tat org.testng.SuiteRunner.run(SuiteRunner.java:259)\n\tat org.testng.SuiteRunnerWorker.runSuite(SuiteRunnerWorker.java:52)\n\tat org.testng.SuiteRunnerWorker.run(SuiteRunnerWorker.java:86)\n\tat org.testng.TestNG.runSuitesSequentially(TestNG.java:1185)\n\tat org.testng.TestNG.runSuitesLocally(TestNG.java:1110)\n\tat org.testng.TestNG.run(TestNG.java:1018)\n\tat org.apache.maven.surefire.testng.TestNGExecutor.run(TestNGExecutor.java:281)\n\tat org.apache.maven.surefire.testng.TestNGXmlTestSuite.execute(TestNGXmlTestSuite.java:75)\n\tat org.apache.maven.surefire.testng.TestNGProvider.invoke(TestNGProvider.java:121)\n\tat org.apache.maven.surefire.booter.ForkedBooter.invokeProviderInSameClassLoader(ForkedBooter.java:290)\n\tat org.apache.maven.surefire.booter.ForkedBooter.runSuitesInProcess(ForkedBooter.java:242)\n\tat org.apache.maven.surefire.booter.ForkedBooter.main(ForkedBooter.java:121)\n"
  },
  "description" : null,
  "severity" : "NORMAL",
  "status" : "CANCELED",
  "testId" : null,
  "suite" : {
    "uid" : "6418dfae6ca15c1",
    "name" : "Suite : Test",
    "title" : "Suite : Test"
  },
  "steps" : [ ],
  "attachments" : [ ],
  "issues" : [ ],
  "labels" : [ {
    "name" : "host",
    "value" : "Neeraj"
  }, {
    "name" : "testGroup",
    "value" : "Test"
  }, {
    "name" : "testSuite",
    "value" : "Suite"
  }, {
    "name" : "framework",
    "value" : "TestNG"
  }, {
    "name" : "suite-name",
    "value" : "Suite : Test"
  }, {
    "name" : "language",
    "value" : "JAVA"
  }, {
    "name" : "testClass",
    "value" : "com.neeraj.pages.Test1"
  }, {
    "name" : "suite-title",
    "value" : "Suite : Test"
  }, {
    "name" : "thread",
    "value" : "4028@Neeraj.main(1)"
  }, {
    "name" : "testMethod",
    "value" : "jsoupTestReadHTML"
  } ],
  "parameters" : [ ]
}