{
  "uid" : "ac728734dde8ded5",
  "name" : "testJabong1 on [Test6 passed=0 failed=0 skipped=0]",
  "title" : "Test jabong 1 on  [Test6 passed=0 failed=0 skipped=0]",
  "time" : {
    "start" : 1502808511449,
    "stop" : 1502808552142,
    "duration" : 40693
  },
  "summary" : {
    "attachments" : 1,
    "steps" : 0
  },
  "failure" : {
    "message" : "NoSuchElementException: An element could not be located on the page using the given search parameters. (WARNING: The server did not provide any stacktrace information)\nCommand duration or timeout: 274 milliseconds\nFor documentation on this error, please visit: http://seleniumhq.org/exceptions/no_such_element.html\nBuild info: version: '2.47.2', revision: '4d972c01cab1304452627f837654326a11eb92fe', time: '2015-09-24 09:17:17'\nSystem info: host: 'Neeraj', ip: '192.168.59.3', os.name: 'Windows 8.1', os.arch: 'amd64', os.version: '6.3', java.version: '1.7.0_67'\n*** Element info: {Using=id, value=rec_card_image}\nSession ID: 3a947d54-0b9b-494c-a643-fe022fe47ef1\nDriver info: io.appium.java_client.android.AndroidDriver\nCapabilities [{automationName=Appium, platform=LINUX, app=E:\\MyNewFrameworkGrid\\MyNewFramework\\..\\MyNewFramework\\com.tinder_4.5.5.apk, javascriptEnabled=true, browserName=Android, networkConnectionEnabled=true, udid=ZY2227L635, desired={automationName=Appium, app=E:\\MyNewFrameworkGrid\\MyNewFramework\\..\\MyNewFramework\\com.tinder_4.5.5.apk, platformName=Android, deviceName=ZY2227L635, app-package=com.tinder, app-activity=com.tinder.activities.ActivityMain, udid=ZY2227L635}, locationContextEnabled=false, platformVersion=6.0.1, databaseEnabled=false, deviceName=ZY2227L635, platformName=Android, app-package=com.tinder, webStorageEnabled=false, app-activity=com.tinder.activities.ActivityMain, warnings={}, takesScreenshot=true}]",
    "stackTrace" : "org.openqa.selenium.NoSuchElementException: An element could not be located on the page using the given search parameters. (WARNING: The server did not provide any stacktrace information)\nCommand duration or timeout: 274 milliseconds\nFor documentation on this error, please visit: http://seleniumhq.org/exceptions/no_such_element.html\nBuild info: version: '2.47.2', revision: '4d972c01cab1304452627f837654326a11eb92fe', time: '2015-09-24 09:17:17'\nSystem info: host: 'Neeraj', ip: '192.168.59.3', os.name: 'Windows 8.1', os.arch: 'amd64', os.version: '6.3', java.version: '1.7.0_67'\n*** Element info: {Using=id, value=rec_card_image}\nSession ID: 3a947d54-0b9b-494c-a643-fe022fe47ef1\nDriver info: io.appium.java_client.android.AndroidDriver\nCapabilities [{automationName=Appium, platform=LINUX, app=E:\\MyNewFrameworkGrid\\MyNewFramework\\..\\MyNewFramework\\com.tinder_4.5.5.apk, javascriptEnabled=true, browserName=Android, networkConnectionEnabled=true, udid=ZY2227L635, desired={automationName=Appium, app=E:\\MyNewFrameworkGrid\\MyNewFramework\\..\\MyNewFramework\\com.tinder_4.5.5.apk, platformName=Android, deviceName=ZY2227L635, app-package=com.tinder, app-activity=com.tinder.activities.ActivityMain, udid=ZY2227L635}, locationContextEnabled=false, platformVersion=6.0.1, databaseEnabled=false, deviceName=ZY2227L635, platformName=Android, app-package=com.tinder, webStorageEnabled=false, app-activity=com.tinder.activities.ActivityMain, warnings={}, takesScreenshot=true}]\n\tat sun.reflect.NativeConstructorAccessorImpl.newInstance0(Native Method)\n\tat sun.reflect.NativeConstructorAccessorImpl.newInstance(NativeConstructorAccessorImpl.java:57)\n\tat sun.reflect.DelegatingConstructorAccessorImpl.newInstance(DelegatingConstructorAccessorImpl.java:45)\n\tat java.lang.reflect.Constructor.newInstance(Constructor.java:526)\n\tat org.openqa.selenium.remote.ErrorHandler.createThrowable(ErrorHandler.java:206)\n\tat org.openqa.selenium.remote.ErrorHandler.throwIfResponseFailed(ErrorHandler.java:158)\n\tat org.openqa.selenium.remote.RemoteWebDriver.execute(RemoteWebDriver.java:595)\n\tat io.appium.java_client.AppiumDriver.execute(AppiumDriver.java:180)\n\tat org.openqa.selenium.remote.RemoteWebDriver.findElement(RemoteWebDriver.java:348)\n\tat org.openqa.selenium.remote.RemoteWebDriver.findElementById(RemoteWebDriver.java:389)\n\tat testCases.Test6.testJabong1(Test6.java:88)\n\tat sun.reflect.NativeMethodAccessorImpl.invoke0(Native Method)\n\tat sun.reflect.NativeMethodAccessorImpl.invoke(NativeMethodAccessorImpl.java:57)\n\tat sun.reflect.DelegatingMethodAccessorImpl.invoke(DelegatingMethodAccessorImpl.java:43)\n\tat java.lang.reflect.Method.invoke(Method.java:606)\n\tat org.testng.internal.MethodInvocationHelper.invokeMethod(MethodInvocationHelper.java:85)\n\tat org.testng.internal.MethodInvocationHelper$1.runTestMethod(MethodInvocationHelper.java:196)\n\tat com.neerajProject.pages.AppiumTestBase.run(AppiumTestBase.java:90)\n\tat org.testng.internal.MethodInvocationHelper.invokeHookable(MethodInvocationHelper.java:208)\n\tat org.testng.internal.Invoker.invokeMethod(Invoker.java:635)\n\tat org.testng.internal.Invoker.invokeTestMethod(Invoker.java:821)\n\tat org.testng.internal.Invoker.invokeTestMethods(Invoker.java:1131)\n\tat org.testng.internal.TestMethodWorker.invokeTestMethods(TestMethodWorker.java:124)\n\tat org.testng.internal.TestMethodWorker.run(TestMethodWorker.java:108)\n\tat org.testng.TestRunner.privateRun(TestRunner.java:773)\n\tat org.testng.TestRunner.run(TestRunner.java:623)\n\tat org.testng.SuiteRunner.runTest(SuiteRunner.java:357)\n\tat org.testng.SuiteRunner.access$000(SuiteRunner.java:39)\n\tat org.testng.SuiteRunner$SuiteWorker.run(SuiteRunner.java:391)\n\tat org.testng.internal.thread.ThreadUtil$2.call(ThreadUtil.java:64)\n\tat java.util.concurrent.FutureTask.run(FutureTask.java:262)\n\tat java.util.concurrent.ThreadPoolExecutor.runWorker(ThreadPoolExecutor.java:1145)\n\tat java.util.concurrent.ThreadPoolExecutor$Worker.run(ThreadPoolExecutor.java:615)\n\tat java.lang.Thread.run(Thread.java:745)\n"
  },
  "description" : null,
  "severity" : "NORMAL",
  "status" : "BROKEN",
  "testId" : null,
  "suite" : {
    "uid" : "1d9361d6ca9d851a",
    "name" : "CS_Regression : Device_MotoXplay[Device_ID=ZY2227L635]",
    "title" : "CS_Regression : Device_MotoXplay[Device_ID=ZY2227L635]"
  },
  "steps" : [ ],
  "attachments" : [ {
    "title" : "Failure in method",
    "source" : "d50a4da7-631b-4ec1-98b1-fcae1198a8a8-attachment.png",
    "type" : "image/png",
    "size" : 108875,
    "uid" : "893dc388c7bf067a"
  } ],
  "issues" : [ ],
  "labels" : [ {
    "name" : "thread",
    "value" : "10804@Neeraj.TestNG(13)"
  }, {
    "name" : "host",
    "value" : "Neeraj"
  }, {
    "name" : "testClass",
    "value" : "testCases.Test6"
  }, {
    "name" : "suite-name",
    "value" : "CS_Regression : Device_MotoXplay[Device_ID=ZY2227L635]"
  }, {
    "name" : "suite-title",
    "value" : "CS_Regression : Device_MotoXplay[Device_ID=ZY2227L635]"
  }, {
    "name" : "framework",
    "value" : "TestNG"
  }, {
    "name" : "testMethod",
    "value" : "testJabong1"
  }, {
    "name" : "language",
    "value" : "JAVA"
  }, {
    "name" : "testGroup",
    "value" : "Device_MotoXplay"
  }, {
    "name" : "testSuite",
    "value" : "CS_Regression"
  } ],
  "parameters" : [ ]
}